{"level":"info","message":"server running 5000","timestamp":"2025-12-25 13:15:10"}
{"level":"info","message":"server running 5000","timestamp":"2025-12-25 13:15:16"}
{"level":"info","message":"server running 5000","timestamp":"2025-12-25 13:15:21"}
{"level":"info","message":"✅ Yjs WebSocket running on ws://localhost:5001","timestamp":"2025-12-25 13:15:21"}
{"level":"info","message":"server running 5000","timestamp":"2025-12-25 13:15:27"}
{"level":"info","message":"✅ Yjs WebSocket running on ws://localhost:5001","timestamp":"2025-12-25 13:15:27"}
{"level":"info","message":"server running 5000","timestamp":"2025-12-25 13:15:32"}
{"level":"info","message":"✅ Yjs WebSocket running on ws://localhost:5001","timestamp":"2025-12-25 13:15:32"}
{"level":"info","message":"database connected","timestamp":"2025-12-25 13:15:58"}
{"level":"info","message":"server running 5000","timestamp":"2025-12-25 13:15:58"}
{"level":"info","message":"✅ Yjs WebSocket running on ws://localhost:5001","timestamp":"2025-12-25 13:15:58"}
{"level":"info","message":"database connected","timestamp":"2025-12-25 13:16:18"}
{"level":"info","message":"server running 5000","timestamp":"2025-12-25 13:16:18"}
{"level":"info","message":"✅ Yjs WebSocket running on ws://localhost:5001","timestamp":"2025-12-25 13:16:18"}
{"level":"info","message":"database connected","timestamp":"2025-12-25 13:17:45"}
{"level":"info","message":"server running 5000","timestamp":"2025-12-25 13:17:46"}
{"level":"info","message":"✅ Yjs WebSocket running on ws://localhost:5001","timestamp":"2025-12-25 13:17:46"}
{"level":"info","message":"database connected","timestamp":"2025-12-25 13:17:55"}
{"level":"info","message":"server running 5000","timestamp":"2025-12-25 13:17:55"}
{"level":"info","message":"✅ Yjs WebSocket running on ws://localhost:5001","timestamp":"2025-12-25 13:17:55"}
{"level":"info","message":"Socket connected","socketId":"6IKbj4gagYTXWonBAAAB","timestamp":"2025-12-25 13:19:36"}
{"level":"info","message":"database connected","timestamp":"2025-12-25 13:20:41"}
{"level":"info","message":"server running 5000","timestamp":"2025-12-25 13:20:41"}
{"level":"info","message":" Yjs WebSocket running on ws://localhost:5001","timestamp":"2025-12-25 13:20:41"}
{"level":"info","message":"Socket connected","socketId":"AeQ2Y8Abn0zchlWlAAAB","timestamp":"2025-12-25 13:20:43"}
{"level":"info","message":"Socket connected","socketId":"PDOyq-R9H_GQC35sAAAD","timestamp":"2025-12-25 13:25:20"}
